\BOOKMARK [1][-]{section.1}{\376\377\000C\000e\000l\000\040\001\007\000w\000i\000c\000z\000e\000n\000i\000a}{}% 1
\BOOKMARK [1][-]{section.2}{\376\377\000P\000r\000z\000e\000b\000i\000e\000g\000\040\001\007\000w\000i\000c\000z\000e\000n\000i\000a}{}% 2
\BOOKMARK [1][-]{section.3}{\376\377\000P\000o\000m\000i\000a\000r\000y\000\040\000i\000\040\000a\000n\000a\000l\000i\000z\000a\000\040\000w\000y\000n\000i\000k\000\363\000w}{}% 3
\BOOKMARK [1][-]{section.4}{\376\377\000U\000k\001\102\000a\000d\000y\000\040\000p\000o\000m\000i\000a\000r\000o\000w\000e}{}% 4
\BOOKMARK [2][-]{subsection.4.1}{\376\377\000U\000k\001\102\000a\000d\000\040\000A}{section.4}% 5
\BOOKMARK [3][-]{subsubsection.4.1.1}{\376\377\000O\000d\000p\000o\000w\000i\000e\000d\000z\000i\000\040\000s\000k\000o\000k\000o\000w\000e}{subsection.4.1}% 6
\BOOKMARK [3][-]{subsubsection.4.1.2}{\376\377\000L\000i\000n\000i\000e\000\040\000p\000i\000e\000r\000w\000i\000a\000s\000t\000k\000o\000w\000e}{subsection.4.1}% 7
\BOOKMARK [3][-]{subsubsection.4.1.3}{\376\377\000C\000h\000a\000r\000a\000k\000t\000e\000r\000y\000s\000t\000y\000k\000i\000\040\000B\000o\000d\000e\000g\000o}{subsection.4.1}% 8
\BOOKMARK [3][-]{subsubsection.4.1.4}{\376\377\000C\000h\000a\000r\000a\000k\000t\000e\000r\000y\000s\000t\000y\000k\000i\000\040\000N\000y\000q\000u\000i\000s\000t\000a}{subsection.4.1}% 9
\BOOKMARK [2][-]{subsection.4.2}{\376\377\000U\000k\001\102\000a\000d\000\040\000B}{section.4}% 10
\BOOKMARK [3][-]{subsubsection.4.2.1}{\376\377\000O\000d\000p\000o\000w\000i\000e\000d\000z\000i\000\040\000s\000k\000o\000k\000o\000w\000e}{subsection.4.2}% 11
\BOOKMARK [3][-]{subsubsection.4.2.2}{\376\377\000L\000i\000n\000i\000e\000\040\000p\000i\000e\000r\000w\000i\000a\000s\000t\000k\000o\000w\000e}{subsection.4.2}% 12
\BOOKMARK [3][-]{subsubsection.4.2.3}{\376\377\000C\000h\000a\000r\000a\000k\000t\000e\000r\000y\000s\000t\000y\000k\000i\000\040\000B\000o\000d\000e\000g\000o}{subsection.4.2}% 13
\BOOKMARK [3][-]{subsubsection.4.2.4}{\376\377\000C\000h\000a\000r\000a\000k\000t\000e\000r\000y\000s\000t\000y\000k\000i\000\040\000N\000y\000q\000u\000i\000s\000t\000a}{subsection.4.2}% 14
\BOOKMARK [2][-]{subsection.4.3}{\376\377\000U\000k\001\102\000a\000d\000\040\000D}{section.4}% 15
\BOOKMARK [3][-]{subsubsection.4.3.1}{\376\377\000O\000d\000p\000o\000w\000i\000e\000d\000z\000i\000\040\000s\000k\000o\000k\000o\000w\000e}{subsection.4.3}% 16
\BOOKMARK [3][-]{subsubsection.4.3.2}{\376\377\000L\000i\000n\000i\000e\000\040\000p\000i\000e\000r\000w\000i\000a\000s\000t\000k\000o\000w\000e}{subsection.4.3}% 17
\BOOKMARK [3][-]{subsubsection.4.3.3}{\376\377\000C\000h\000a\000r\000a\000k\000t\000e\000r\000y\000s\000t\000y\000k\000i\000\040\000B\000o\000d\000e\000g\000o}{subsection.4.3}% 18
\BOOKMARK [3][-]{subsubsection.4.3.4}{\376\377\000C\000h\000a\000r\000a\000k\000t\000e\000r\000y\000s\000t\000y\000k\000i\000\040\000N\000y\000q\000u\000i\000s\000t\000a}{subsection.4.3}% 19
\BOOKMARK [1][-]{section.5}{\376\377\000W\000n\000i\000o\000s\000k\000i}{}% 20
